0 info it worked if it ends with ok
1 verbose cli [ 'node', '/usr/local/bin/npm', 'update' ]
2 info using npm@1.4.4
3 info using node@v0.10.24
4 verbose url raw gulp-rename
5 verbose url resolving [ 'https://registry.npmjs.org/', './gulp-rename' ]
6 verbose url resolved https://registry.npmjs.org/gulp-rename
7 info trying registry request attempt 1 at 15:22:26
8 verbose etag "62WCN2RSAEEZHFPRXGWNCOTC0"
9 http GET https://registry.npmjs.org/gulp-rename
10 verbose url raw gulp
11 verbose url resolving [ 'https://registry.npmjs.org/', './gulp' ]
12 verbose url resolved https://registry.npmjs.org/gulp
13 info trying registry request attempt 1 at 15:22:26
14 verbose etag "98ZCRJ0Z1WPZ6GJPXVO9PDO8J"
15 http GET https://registry.npmjs.org/gulp
16 verbose url raw gulp-stylus
17 verbose url resolving [ 'https://registry.npmjs.org/', './gulp-stylus' ]
18 verbose url resolved https://registry.npmjs.org/gulp-stylus
19 info trying registry request attempt 1 at 15:22:27
20 verbose etag "F1WTOJK3NNRDGSK2EMRDHJRUL"
21 http GET https://registry.npmjs.org/gulp-stylus
22 verbose url raw gulp-jade
23 verbose url resolving [ 'https://registry.npmjs.org/', './gulp-jade' ]
24 verbose url resolved https://registry.npmjs.org/gulp-jade
25 info trying registry request attempt 1 at 15:22:27
26 verbose etag "AEGGBURYBSEZGB060HX9KLXOH"
27 http GET https://registry.npmjs.org/gulp-jade
28 verbose url raw browser-sync
29 verbose url resolving [ 'https://registry.npmjs.org/', './browser-sync' ]
30 verbose url resolved https://registry.npmjs.org/browser-sync
31 info trying registry request attempt 1 at 15:22:27
32 verbose etag "4R2ZN9DCT5ZPKGSFNQ0APT2JL"
33 http GET https://registry.npmjs.org/browser-sync
34 verbose url raw gulp-uglify
35 verbose url resolving [ 'https://registry.npmjs.org/', './gulp-uglify' ]
36 verbose url resolved https://registry.npmjs.org/gulp-uglify
37 info trying registry request attempt 1 at 15:22:27
38 verbose etag "A3M8TU86UG9CY12CEKISURH6S"
39 http GET https://registry.npmjs.org/gulp-uglify
40 verbose url raw gulp-autoprefixer
41 verbose url resolving [ 'https://registry.npmjs.org/', './gulp-autoprefixer' ]
42 verbose url resolved https://registry.npmjs.org/gulp-autoprefixer
43 info trying registry request attempt 1 at 15:22:27
44 verbose etag "9A1ZJ3IRHUQPSSR1MCYNTQIIM"
45 http GET https://registry.npmjs.org/gulp-autoprefixer
46 verbose url raw gulp-concat
47 verbose url resolving [ 'https://registry.npmjs.org/', './gulp-concat' ]
48 verbose url resolved https://registry.npmjs.org/gulp-concat
49 info trying registry request attempt 1 at 15:22:27
50 verbose etag "54U40IN01Z7RX1CVXG7WWBDLI"
51 http GET https://registry.npmjs.org/gulp-concat
52 verbose url raw gulp-csso
53 verbose url resolving [ 'https://registry.npmjs.org/', './gulp-csso' ]
54 verbose url resolved https://registry.npmjs.org/gulp-csso
55 info trying registry request attempt 1 at 15:22:27
56 verbose etag "A24R4PM1B5E3HY1J6CCP8UZSG"
57 http GET https://registry.npmjs.org/gulp-csso
58 verbose url raw gulp-grunt
59 verbose url resolving [ 'https://registry.npmjs.org/', './gulp-grunt' ]
60 verbose url resolved https://registry.npmjs.org/gulp-grunt
61 info trying registry request attempt 1 at 15:22:27
62 verbose etag "KLXILX8MQDURYBDGUTQ9TWIE"
63 http GET https://registry.npmjs.org/gulp-grunt
64 verbose url raw grunt-spritesmith
65 verbose url resolving [ 'https://registry.npmjs.org/', './grunt-spritesmith' ]
66 verbose url resolved https://registry.npmjs.org/grunt-spritesmith
67 info trying registry request attempt 1 at 15:22:27
68 verbose etag "BHQAHBSMK0XGEZNBH0W542358"
69 http GET https://registry.npmjs.org/grunt-spritesmith
70 verbose url raw gulp-util
71 verbose url resolving [ 'https://registry.npmjs.org/', './gulp-util' ]
72 verbose url resolved https://registry.npmjs.org/gulp-util
73 info trying registry request attempt 1 at 15:22:27
74 verbose etag "5VWJIZW2CD5VK7XDWHAM6JPPY"
75 http GET https://registry.npmjs.org/gulp-util
76 verbose url raw gulp-imagemin
77 verbose url resolving [ 'https://registry.npmjs.org/', './gulp-imagemin' ]
78 verbose url resolved https://registry.npmjs.org/gulp-imagemin
79 info trying registry request attempt 1 at 15:22:27
80 verbose etag "EM3A7SRZ5HAPEVZ9RJQGBOE4Z"
81 http GET https://registry.npmjs.org/gulp-imagemin
82 verbose url raw gulp-clean
83 verbose url resolving [ 'https://registry.npmjs.org/', './gulp-clean' ]
84 verbose url resolved https://registry.npmjs.org/gulp-clean
85 info trying registry request attempt 1 at 15:22:27
86 verbose etag "EC1XBQK58CFXLGIOJOXY7DYJN"
87 http GET https://registry.npmjs.org/gulp-clean
88 verbose url raw grunt
89 verbose url resolving [ 'https://registry.npmjs.org/', './grunt' ]
90 verbose url resolved https://registry.npmjs.org/grunt
91 info trying registry request attempt 1 at 15:22:27
92 verbose etag "3C185Y9Z1L7MCW832AXRVI29Y"
93 http GET https://registry.npmjs.org/grunt
94 verbose url raw grunt-grunticon
95 verbose url resolving [ 'https://registry.npmjs.org/', './grunt-grunticon' ]
96 verbose url resolved https://registry.npmjs.org/grunt-grunticon
97 info trying registry request attempt 1 at 15:22:27
98 verbose etag "EBNCP5XIDUQBMIKDNG4FXVU0"
99 http GET https://registry.npmjs.org/grunt-grunticon
100 http 304 https://registry.npmjs.org/gulp-rename
101 silly registry.get cb [ 304,
101 silly registry.get   { date: 'Sun, 23 Feb 2014 11:22:27 GMT',
101 silly registry.get     server: 'Apache',
101 silly registry.get     connection: 'Keep-Alive',
101 silly registry.get     'keep-alive': 'timeout=10, max=50',
101 silly registry.get     etag: '"62WCN2RSAEEZHFPRXGWNCOTC0"',
101 silly registry.get     'cache-control': 'max-age=1',
101 silly registry.get     vary: 'Accept' } ]
102 verbose etag gulp-rename from cache
103 http 304 https://registry.npmjs.org/gulp
104 silly registry.get cb [ 304,
104 silly registry.get   { date: 'Sun, 23 Feb 2014 11:22:27 GMT',
104 silly registry.get     server: 'Apache',
104 silly registry.get     connection: 'Keep-Alive',
104 silly registry.get     'keep-alive': 'timeout=10, max=50',
104 silly registry.get     etag: '"98ZCRJ0Z1WPZ6GJPXVO9PDO8J"',
104 silly registry.get     'cache-control': 'max-age=1',
104 silly registry.get     vary: 'Accept' } ]
105 verbose etag gulp from cache
106 http 304 https://registry.npmjs.org/browser-sync
107 silly registry.get cb [ 304,
107 silly registry.get   { date: 'Sun, 23 Feb 2014 11:22:27 GMT',
107 silly registry.get     server: 'Apache',
107 silly registry.get     connection: 'Keep-Alive',
107 silly registry.get     'keep-alive': 'timeout=10, max=50',
107 silly registry.get     etag: '"4R2ZN9DCT5ZPKGSFNQ0APT2JL"',
107 silly registry.get     'cache-control': 'max-age=1',
107 silly registry.get     vary: 'Accept' } ]
108 verbose etag browser-sync from cache
109 http 304 https://registry.npmjs.org/gulp-jade
110 silly registry.get cb [ 304,
110 silly registry.get   { date: 'Sun, 23 Feb 2014 11:22:27 GMT',
110 silly registry.get     server: 'Apache',
110 silly registry.get     connection: 'Keep-Alive',
110 silly registry.get     'keep-alive': 'timeout=10, max=50',
110 silly registry.get     etag: '"AEGGBURYBSEZGB060HX9KLXOH"',
110 silly registry.get     'cache-control': 'max-age=1',
110 silly registry.get     vary: 'Accept' } ]
111 verbose etag gulp-jade from cache
112 http 304 https://registry.npmjs.org/gulp-stylus
113 silly registry.get cb [ 304,
113 silly registry.get   { date: 'Sun, 23 Feb 2014 11:22:27 GMT',
113 silly registry.get     server: 'Apache',
113 silly registry.get     connection: 'Keep-Alive',
113 silly registry.get     'keep-alive': 'timeout=10, max=50',
113 silly registry.get     etag: '"F1WTOJK3NNRDGSK2EMRDHJRUL"',
113 silly registry.get     'cache-control': 'max-age=1',
113 silly registry.get     vary: 'Accept' } ]
114 verbose etag gulp-stylus from cache
115 verbose url raw gulp-util
116 verbose url resolving [ 'https://registry.npmjs.org/', './gulp-util' ]
117 verbose url resolved https://registry.npmjs.org/gulp-util
118 info trying registry request attempt 1 at 15:22:27
119 verbose etag "5VWJIZW2CD5VK7XDWHAM6JPPY"
120 http GET https://registry.npmjs.org/gulp-util
121 verbose url raw pretty-hrtime
122 verbose url resolving [ 'https://registry.npmjs.org/', './pretty-hrtime' ]
123 verbose url resolved https://registry.npmjs.org/pretty-hrtime
124 info trying registry request attempt 1 at 15:22:27
125 verbose etag "3XJ1QTWC2NO0QFG1RNCJQB2AW"
126 http GET https://registry.npmjs.org/pretty-hrtime
127 verbose url raw orchestrator
128 verbose url resolving [ 'https://registry.npmjs.org/', './orchestrator' ]
129 verbose url resolved https://registry.npmjs.org/orchestrator
130 info trying registry request attempt 1 at 15:22:27
131 verbose etag "68BIWF0RTKTM1OMWCVJ0T08PU"
132 http GET https://registry.npmjs.org/orchestrator
133 verbose url raw resolve
134 verbose url resolving [ 'https://registry.npmjs.org/', './resolve' ]
135 verbose url resolved https://registry.npmjs.org/resolve
136 info trying registry request attempt 1 at 15:22:27
137 verbose etag "46J0NA3B0XSRXUZU6SJ7YA6WB"
138 http GET https://registry.npmjs.org/resolve
139 verbose url raw findup-sync
140 verbose url resolving [ 'https://registry.npmjs.org/', './findup-sync' ]
141 verbose url resolved https://registry.npmjs.org/findup-sync
142 info trying registry request attempt 1 at 15:22:27
143 verbose etag "VJKRXYRTALWK2XBVRVG27LB9"
144 http GET https://registry.npmjs.org/findup-sync
145 verbose url raw vinyl-fs
146 verbose url resolving [ 'https://registry.npmjs.org/', './vinyl-fs' ]
147 verbose url resolved https://registry.npmjs.org/vinyl-fs
148 info trying registry request attempt 1 at 15:22:27
149 verbose etag "DIO8MB9ZFHA97MNL34VLT583O"
150 http GET https://registry.npmjs.org/vinyl-fs
151 verbose url raw archy
152 verbose url resolving [ 'https://registry.npmjs.org/', './archy' ]
153 verbose url resolved https://registry.npmjs.org/archy
154 info trying registry request attempt 1 at 15:22:27
155 verbose etag "58LV57D4MOVLKY8YMG05E8OW5"
156 http GET https://registry.npmjs.org/archy
157 verbose url raw deprecated
158 verbose url resolving [ 'https://registry.npmjs.org/', './deprecated' ]
159 verbose url resolved https://registry.npmjs.org/deprecated
160 info trying registry request attempt 1 at 15:22:27
161 verbose etag "DTMETKBYP512KWFX5N8KSY5HB"
162 http GET https://registry.npmjs.org/deprecated
163 verbose url raw semver
164 verbose url resolving [ 'https://registry.npmjs.org/', './semver' ]
165 verbose url resolved https://registry.npmjs.org/semver
166 info trying registry request attempt 1 at 15:22:27
167 verbose etag "1P01DE8ZPG9FJ5YOXFEW1CXWT"
168 http GET https://registry.npmjs.org/semver
169 verbose url raw minimist
170 verbose url resolving [ 'https://registry.npmjs.org/', './minimist' ]
171 verbose url resolved https://registry.npmjs.org/minimist
172 info trying registry request attempt 1 at 15:22:27
173 verbose etag "74TEVZ58JEGKRP8Q0KD9CCT3H"
174 http GET https://registry.npmjs.org/minimist
175 http 304 https://registry.npmjs.org/gulp-uglify
176 silly registry.get cb [ 304,
176 silly registry.get   { date: 'Sun, 23 Feb 2014 11:22:27 GMT',
176 silly registry.get     server: 'Apache',
176 silly registry.get     connection: 'Keep-Alive',
176 silly registry.get     'keep-alive': 'timeout=10, max=49',
176 silly registry.get     etag: '"A3M8TU86UG9CY12CEKISURH6S"',
176 silly registry.get     'cache-control': 'max-age=1',
176 silly registry.get     vary: 'Accept' } ]
177 verbose etag gulp-uglify from cache
178 verbose url raw gulp-util
179 verbose url resolving [ 'https://registry.npmjs.org/', './gulp-util' ]
180 verbose url resolved https://registry.npmjs.org/gulp-util
181 info trying registry request attempt 1 at 15:22:27
182 verbose etag "5VWJIZW2CD5VK7XDWHAM6JPPY"
183 http GET https://registry.npmjs.org/gulp-util
184 verbose url raw uglify-js
185 verbose url resolving [ 'https://registry.npmjs.org/', './uglify-js' ]
186 verbose url resolved https://registry.npmjs.org/uglify-js
187 info trying registry request attempt 1 at 15:22:27
188 verbose etag "K2L2GTH93DZXV1AYTFZX8THG"
189 http GET https://registry.npmjs.org/uglify-js
190 verbose url raw through2
191 verbose url resolving [ 'https://registry.npmjs.org/', './through2' ]
192 verbose url resolved https://registry.npmjs.org/through2
193 info trying registry request attempt 1 at 15:22:27
194 verbose etag "CZQ6DE7HW7D8449WFOAOII8IJ"
195 http GET https://registry.npmjs.org/through2
196 verbose url raw vinyl
197 verbose url resolving [ 'https://registry.npmjs.org/', './vinyl' ]
198 verbose url resolved https://registry.npmjs.org/vinyl
199 info trying registry request attempt 1 at 15:22:27
200 verbose etag "2KV1BNA3RNXJK2TPHCKYOQC8Z"
201 http GET https://registry.npmjs.org/vinyl
202 verbose url raw deepmerge
203 verbose url resolving [ 'https://registry.npmjs.org/', './deepmerge' ]
204 verbose url resolved https://registry.npmjs.org/deepmerge
205 info trying registry request attempt 1 at 15:22:27
206 verbose etag "2SD1M7UCIP3VAMCR1U13CLZL0"
207 http GET https://registry.npmjs.org/deepmerge
208 http 304 https://registry.npmjs.org/gulp-concat
209 silly registry.get cb [ 304,
209 silly registry.get   { date: 'Sun, 23 Feb 2014 11:22:27 GMT',
209 silly registry.get     server: 'Apache',
209 silly registry.get     connection: 'Keep-Alive',
209 silly registry.get     'keep-alive': 'timeout=10, max=49',
209 silly registry.get     etag: '"54U40IN01Z7RX1CVXG7WWBDLI"',
209 silly registry.get     'cache-control': 'max-age=1',
209 silly registry.get     vary: 'Accept' } ]
210 verbose etag gulp-concat from cache
211 verbose url raw gulp-util
212 verbose url resolving [ 'https://registry.npmjs.org/', './gulp-util' ]
213 verbose url resolved https://registry.npmjs.org/gulp-util
214 info trying registry request attempt 1 at 15:22:27
215 verbose etag "5VWJIZW2CD5VK7XDWHAM6JPPY"
216 http GET https://registry.npmjs.org/gulp-util
217 http 304 https://registry.npmjs.org/gulp-grunt
218 silly registry.get cb [ 304,
218 silly registry.get   { date: 'Sun, 23 Feb 2014 11:22:27 GMT',
218 silly registry.get     server: 'Apache',
218 silly registry.get     connection: 'Keep-Alive',
218 silly registry.get     'keep-alive': 'timeout=10, max=49',
218 silly registry.get     etag: '"KLXILX8MQDURYBDGUTQ9TWIE"',
218 silly registry.get     'cache-control': 'max-age=1',
218 silly registry.get     vary: 'Accept' } ]
219 verbose etag gulp-grunt from cache
220 http 304 https://registry.npmjs.org/gulp-csso
221 silly registry.get cb [ 304,
221 silly registry.get   { date: 'Sun, 23 Feb 2014 11:22:27 GMT',
221 silly registry.get     server: 'Apache',
221 silly registry.get     connection: 'Keep-Alive',
221 silly registry.get     'keep-alive': 'timeout=10, max=49',
221 silly registry.get     etag: '"A24R4PM1B5E3HY1J6CCP8UZSG"',
221 silly registry.get     'cache-control': 'max-age=1',
221 silly registry.get     vary: 'Accept' } ]
222 verbose etag gulp-csso from cache
223 verbose url raw through
224 verbose url resolving [ 'https://registry.npmjs.org/', './through' ]
225 verbose url resolved https://registry.npmjs.org/through
226 info trying registry request attempt 1 at 15:22:27
227 verbose etag "8M5ONKXZZNS5DVHH76H414SGB"
228 http GET https://registry.npmjs.org/through
229 http 304 https://registry.npmjs.org/gulp-autoprefixer
230 silly registry.get cb [ 304,
230 silly registry.get   { date: 'Sun, 23 Feb 2014 11:22:27 GMT',
230 silly registry.get     server: 'Apache',
230 silly registry.get     connection: 'Keep-Alive',
230 silly registry.get     'keep-alive': 'timeout=10, max=49',
230 silly registry.get     etag: '"9A1ZJ3IRHUQPSSR1MCYNTQIIM"',
230 silly registry.get     'cache-control': 'max-age=1',
230 silly registry.get     vary: 'Accept' } ]
231 verbose etag gulp-autoprefixer from cache
232 http 304 https://registry.npmjs.org/grunt-spritesmith
233 silly registry.get cb [ 304,
233 silly registry.get   { date: 'Sun, 23 Feb 2014 11:22:27 GMT',
233 silly registry.get     server: 'Apache',
233 silly registry.get     connection: 'Keep-Alive',
233 silly registry.get     'keep-alive': 'timeout=10, max=48',
233 silly registry.get     etag: '"BHQAHBSMK0XGEZNBH0W542358"',
233 silly registry.get     'cache-control': 'max-age=1',
233 silly registry.get     vary: 'Accept' } ]
234 verbose etag grunt-spritesmith from cache
235 http 304 https://registry.npmjs.org/gulp-util
236 silly registry.get cb [ 304,
236 silly registry.get   { date: 'Sun, 23 Feb 2014 11:22:27 GMT',
236 silly registry.get     server: 'Apache',
236 silly registry.get     connection: 'Keep-Alive',
236 silly registry.get     'keep-alive': 'timeout=10, max=48',
236 silly registry.get     etag: '"5VWJIZW2CD5VK7XDWHAM6JPPY"',
236 silly registry.get     'cache-control': 'max-age=1',
236 silly registry.get     vary: 'Accept' } ]
237 verbose etag gulp-util from cache
238 verbose url raw vinyl
239 verbose url resolving [ 'https://registry.npmjs.org/', './vinyl' ]
240 verbose url resolved https://registry.npmjs.org/vinyl
241 info trying registry request attempt 1 at 15:22:27
242 verbose etag "2KV1BNA3RNXJK2TPHCKYOQC8Z"
243 http GET https://registry.npmjs.org/vinyl
244 verbose url raw through2
245 verbose url resolving [ 'https://registry.npmjs.org/', './through2' ]
246 verbose url resolved https://registry.npmjs.org/through2
247 info trying registry request attempt 1 at 15:22:27
248 verbose etag "CZQ6DE7HW7D8449WFOAOII8IJ"
249 http GET https://registry.npmjs.org/through2
250 verbose url raw minimist
251 verbose url resolving [ 'https://registry.npmjs.org/', './minimist' ]
252 verbose url resolved https://registry.npmjs.org/minimist
253 info trying registry request attempt 1 at 15:22:27
254 verbose etag "74TEVZ58JEGKRP8Q0KD9CCT3H"
255 http GET https://registry.npmjs.org/minimist
256 http 304 https://registry.npmjs.org/gulp-clean
257 silly registry.get cb [ 304,
257 silly registry.get   { date: 'Sun, 23 Feb 2014 11:22:27 GMT',
257 silly registry.get     server: 'Apache',
257 silly registry.get     connection: 'Keep-Alive',
257 silly registry.get     'keep-alive': 'timeout=10, max=48',
257 silly registry.get     etag: '"EC1XBQK58CFXLGIOJOXY7DYJN"',
257 silly registry.get     'cache-control': 'max-age=1',
257 silly registry.get     vary: 'Accept' } ]
258 verbose etag gulp-clean from cache
259 verbose url raw lodash._reinterpolate
260 verbose url resolving [ 'https://registry.npmjs.org/', './lodash._reinterpolate' ]
261 verbose url resolved https://registry.npmjs.org/lodash._reinterpolate
262 info trying registry request attempt 1 at 15:22:27
263 verbose etag "9AAQXWQM17I8SIROQ806UG1IJ"
264 http GET https://registry.npmjs.org/lodash._reinterpolate
265 verbose url raw lodash.template
266 verbose url resolving [ 'https://registry.npmjs.org/', './lodash.template' ]
267 verbose url resolved https://registry.npmjs.org/lodash.template
268 info trying registry request attempt 1 at 15:22:27
269 verbose etag "34PVI3BG2J6BXBWEW4WA07J8S"
270 http GET https://registry.npmjs.org/lodash.template
271 verbose url raw chalk
272 verbose url resolving [ 'https://registry.npmjs.org/', './chalk' ]
273 verbose url resolved https://registry.npmjs.org/chalk
274 info trying registry request attempt 1 at 15:22:27
275 verbose etag "14P15ES87SDY4Z5B8ALXFMI98"
276 http GET https://registry.npmjs.org/chalk
277 verbose url raw dateformat
278 verbose url resolving [ 'https://registry.npmjs.org/', './dateformat' ]
279 verbose url resolved https://registry.npmjs.org/dateformat
280 info trying registry request attempt 1 at 15:22:27
281 verbose etag "C699015FQXR4R98OXYGNL7V6G"
282 http GET https://registry.npmjs.org/dateformat
283 verbose url raw multipipe
284 verbose url resolving [ 'https://registry.npmjs.org/', './multipipe' ]
285 verbose url resolved https://registry.npmjs.org/multipipe
286 info trying registry request attempt 1 at 15:22:27
287 verbose etag "16XXK1F137CLL31JZDENPS4O1"
288 http GET https://registry.npmjs.org/multipipe
289 verbose registry.get gulp-util not expired, no request
290 verbose url raw rimraf
291 verbose url resolving [ 'https://registry.npmjs.org/', './rimraf' ]
292 verbose url resolved https://registry.npmjs.org/rimraf
293 info trying registry request attempt 1 at 15:22:27
294 verbose etag "C1IFULZSRV1NCLUW5A8622O46"
295 http GET https://registry.npmjs.org/rimraf
296 verbose url raw event-stream
297 verbose url resolving [ 'https://registry.npmjs.org/', './event-stream' ]
298 verbose url resolved https://registry.npmjs.org/event-stream
299 info trying registry request attempt 1 at 15:22:27
300 verbose etag "A9T80IE3NM3GNKSITA9G73WVB"
301 http GET https://registry.npmjs.org/event-stream
302 http 304 https://registry.npmjs.org/grunt
303 silly registry.get cb [ 304,
303 silly registry.get   { date: 'Sun, 23 Feb 2014 11:22:27 GMT',
303 silly registry.get     server: 'Apache',
303 silly registry.get     connection: 'Keep-Alive',
303 silly registry.get     'keep-alive': 'timeout=10, max=48',
303 silly registry.get     etag: '"3C185Y9Z1L7MCW832AXRVI29Y"',
303 silly registry.get     'cache-control': 'max-age=1',
303 silly registry.get     vary: 'Accept' } ]
304 verbose etag grunt from cache
305 http 304 https://registry.npmjs.org/gulp-util
306 silly registry.get cb [ 304,
306 silly registry.get   { date: 'Sun, 23 Feb 2014 11:22:27 GMT',
306 silly registry.get     server: 'Apache',
306 silly registry.get     connection: 'Keep-Alive',
306 silly registry.get     'keep-alive': 'timeout=10, max=47',
306 silly registry.get     etag: '"5VWJIZW2CD5VK7XDWHAM6JPPY"',
306 silly registry.get     'cache-control': 'max-age=1',
306 silly registry.get     vary: 'Accept' } ]
307 verbose etag gulp-util from cache
308 http 304 https://registry.npmjs.org/gulp-imagemin
309 silly registry.get cb [ 304,
309 silly registry.get   { date: 'Sun, 23 Feb 2014 11:22:27 GMT',
309 silly registry.get     server: 'Apache',
309 silly registry.get     connection: 'Keep-Alive',
309 silly registry.get     'keep-alive': 'timeout=10, max=48',
309 silly registry.get     etag: '"EM3A7SRZ5HAPEVZ9RJQGBOE4Z"',
309 silly registry.get     'cache-control': 'max-age=1',
309 silly registry.get     vary: 'Accept' } ]
310 verbose etag gulp-imagemin from cache
311 http 304 https://registry.npmjs.org/grunt-grunticon
312 silly registry.get cb [ 304,
312 silly registry.get   { date: 'Sun, 23 Feb 2014 11:22:27 GMT',
312 silly registry.get     server: 'Apache',
312 silly registry.get     connection: 'Keep-Alive',
312 silly registry.get     'keep-alive': 'timeout=10, max=47',
312 silly registry.get     etag: '"EBNCP5XIDUQBMIKDNG4FXVU0"',
312 silly registry.get     'cache-control': 'max-age=1',
312 silly registry.get     vary: 'Accept' } ]
313 verbose etag grunt-grunticon from cache
314 verbose url raw dateformat
315 verbose url resolving [ 'https://registry.npmjs.org/', './dateformat' ]
316 verbose url resolved https://registry.npmjs.org/dateformat
317 info trying registry request attempt 1 at 15:22:27
318 verbose etag "C699015FQXR4R98OXYGNL7V6G"
319 http GET https://registry.npmjs.org/dateformat
320 verbose url raw findup-sync
321 verbose url resolving [ 'https://registry.npmjs.org/', './findup-sync' ]
322 verbose url resolved https://registry.npmjs.org/findup-sync
323 info trying registry request attempt 1 at 15:22:27
324 verbose etag "VJKRXYRTALWK2XBVRVG27LB9"
325 http GET https://registry.npmjs.org/findup-sync
326 verbose url raw coffee-script
327 verbose url resolving [ 'https://registry.npmjs.org/', './coffee-script' ]
328 verbose url resolved https://registry.npmjs.org/coffee-script
329 info trying registry request attempt 1 at 15:22:27
330 verbose etag "60IXPMCUZ148DNHI6NI4QGNMD"
331 http GET https://registry.npmjs.org/coffee-script
332 verbose url raw colors
333 verbose url resolving [ 'https://registry.npmjs.org/', './colors' ]
334 verbose url resolved https://registry.npmjs.org/colors
335 info trying registry request attempt 1 at 15:22:27
336 verbose etag "501E4AS1822EPFP2V9AXIBT61"
337 http GET https://registry.npmjs.org/colors
338 verbose url raw async
339 verbose url resolving [ 'https://registry.npmjs.org/', './async' ]
340 verbose url resolved https://registry.npmjs.org/async
341 info trying registry request attempt 1 at 15:22:27
342 verbose etag "ZOMRQ6HPMZN55JVCW6VWOQUW"
343 http GET https://registry.npmjs.org/async
344 verbose url raw rimraf
345 verbose url resolving [ 'https://registry.npmjs.org/', './rimraf' ]
346 verbose url resolved https://registry.npmjs.org/rimraf
347 info trying registry request attempt 1 at 15:22:27
348 verbose etag "C1IFULZSRV1NCLUW5A8622O46"
349 http GET https://registry.npmjs.org/rimraf
350 verbose url raw hooker
351 verbose url resolving [ 'https://registry.npmjs.org/', './hooker' ]
352 verbose url resolved https://registry.npmjs.org/hooker
353 info trying registry request attempt 1 at 15:22:27
354 verbose etag "1Y11R559U7A8K2FVFMWA8IO19"
355 http GET https://registry.npmjs.org/hooker
356 verbose url raw eventemitter2
357 verbose url resolving [ 'https://registry.npmjs.org/', './eventemitter2' ]
358 verbose url resolved https://registry.npmjs.org/eventemitter2
359 info trying registry request attempt 1 at 15:22:27
360 verbose etag "17K61RS72VQ3AJO04Q1OEVPXP"
361 http GET https://registry.npmjs.org/eventemitter2
362 verbose url raw iconv-lite
363 verbose url resolving [ 'https://registry.npmjs.org/', './iconv-lite' ]
364 verbose url resolved https://registry.npmjs.org/iconv-lite
365 info trying registry request attempt 1 at 15:22:27
366 verbose etag "9NI4MU7MGNSC6VZWZ6T2NSLZP"
367 http GET https://registry.npmjs.org/iconv-lite
368 verbose url raw glob
369 verbose url resolving [ 'https://registry.npmjs.org/', './glob' ]
370 verbose url resolved https://registry.npmjs.org/glob
371 info trying registry request attempt 1 at 15:22:27
372 verbose etag "BEHV1LR3OJMFYLTKJU8OJFA0H"
373 http GET https://registry.npmjs.org/glob
374 verbose url raw minimatch
375 verbose url resolving [ 'https://registry.npmjs.org/', './minimatch' ]
376 verbose url resolved https://registry.npmjs.org/minimatch
377 info trying registry request attempt 1 at 15:22:27
378 verbose etag "3LJ0B2EOHIX4D1EL76F6GWJU6"
379 http GET https://registry.npmjs.org/minimatch
380 verbose url raw underscore.string
381 verbose url resolving [ 'https://registry.npmjs.org/', './underscore.string' ]
382 verbose url resolved https://registry.npmjs.org/underscore.string
383 info trying registry request attempt 1 at 15:22:27
384 verbose etag "2JIZAK71G94UK8569KJIF6JSA"
385 http GET https://registry.npmjs.org/underscore.string
386 verbose url raw nopt
387 verbose url resolving [ 'https://registry.npmjs.org/', './nopt' ]
388 verbose url resolved https://registry.npmjs.org/nopt
389 info trying registry request attempt 1 at 15:22:27
390 verbose etag "CZFD1R0AJNHTC4NA387RRYMZZ"
391 http GET https://registry.npmjs.org/nopt
392 verbose url raw exit
393 verbose url resolving [ 'https://registry.npmjs.org/', './exit' ]
394 verbose url resolved https://registry.npmjs.org/exit
395 info trying registry request attempt 1 at 15:22:27
396 verbose etag "7V9LW5AH6DTSQ9Z1ATH0W02KE"
397 http GET https://registry.npmjs.org/exit
398 verbose url raw lodash
399 verbose url resolving [ 'https://registry.npmjs.org/', './lodash' ]
400 verbose url resolved https://registry.npmjs.org/lodash
401 info trying registry request attempt 1 at 15:22:27
402 verbose etag "EO2XJTZ16JXEFU5S3LY3B2S0A"
403 http GET https://registry.npmjs.org/lodash
404 verbose url raw which
405 verbose url resolving [ 'https://registry.npmjs.org/', './which' ]
406 verbose url resolved https://registry.npmjs.org/which
407 info trying registry request attempt 1 at 15:22:27
408 verbose etag "59QEFDHJV75PSWC6PDQ8CYUP4"
409 http GET https://registry.npmjs.org/which
410 verbose url raw getobject
411 verbose url resolving [ 'https://registry.npmjs.org/', './getobject' ]
412 verbose url resolved https://registry.npmjs.org/getobject
413 info trying registry request attempt 1 at 15:22:27
414 verbose etag "587TC2TNARPFXC825CAYDWB0S"
415 http GET https://registry.npmjs.org/getobject
416 verbose url raw js-yaml
417 verbose url resolving [ 'https://registry.npmjs.org/', './js-yaml' ]
418 verbose url resolved https://registry.npmjs.org/js-yaml
419 info trying registry request attempt 1 at 15:22:27
420 verbose etag "E8WOKYRSM7CO369259JZF2474"
421 http GET https://registry.npmjs.org/js-yaml
422 verbose cache add [ 'grunt-grunticon', '~1.0.0.' ]
423 verbose cache add name="grunt-grunticon" spec="~1.0.0." args=["grunt-grunticon","~1.0.0."]
424 verbose parsed url { protocol: null,
424 verbose parsed url   slashes: null,
424 verbose parsed url   auth: null,
424 verbose parsed url   host: null,
424 verbose parsed url   port: null,
424 verbose parsed url   hostname: null,
424 verbose parsed url   hash: null,
424 verbose parsed url   search: null,
424 verbose parsed url   query: null,
424 verbose parsed url   pathname: '~1.0.0.',
424 verbose parsed url   path: '~1.0.0.',
424 verbose parsed url   href: '~1.0.0.' }
425 verbose addNamed [ 'grunt-grunticon', '~1.0.0.' ]
426 verbose addNamed [ null, null ]
427 silly lockFile e1cf8390-grunt-grunticon-1-0-0 grunt-grunticon@~1.0.0.
428 verbose lock grunt-grunticon@~1.0.0. /Users/langolf/.npm/e1cf8390-grunt-grunticon-1-0-0.lock
429 info addNameTag [ 'grunt-grunticon', '~1.0.0.' ]
430 http 304 https://registry.npmjs.org/pretty-hrtime
431 silly registry.get cb [ 304,
431 silly registry.get   { date: 'Sun, 23 Feb 2014 11:22:27 GMT',
431 silly registry.get     server: 'Apache',
431 silly registry.get     connection: 'Keep-Alive',
431 silly registry.get     'keep-alive': 'timeout=10, max=47',
431 silly registry.get     etag: '"3XJ1QTWC2NO0QFG1RNCJQB2AW"',
431 silly registry.get     'cache-control': 'max-age=1',
431 silly registry.get     vary: 'Accept' } ]
432 verbose etag pretty-hrtime from cache
433 verbose registry.get grunt-grunticon not expired, no request
434 silly lockFile e1cf8390-grunt-grunticon-1-0-0 grunt-grunticon@~1.0.0.
435 silly lockFile e1cf8390-grunt-grunticon-1-0-0 grunt-grunticon@~1.0.0.
436 verbose registry.get gulp-util not expired, no request
437 info outdated updating [ [ '/Users/langolf/projects/billiards/billiard-www',
437 info outdated     'gulp-rename',
437 info outdated     '0.2.2',
437 info outdated     '1.1.0',
437 info outdated     '1.1.0',
437 info outdated     '~1.1.0' ],
437 info outdated   [ '/Users/langolf/projects/billiards/billiard-www',
437 info outdated     'browser-sync',
437 info outdated     '0.5.7',
437 info outdated     '0.6.1',
437 info outdated     '0.6.1',
437 info outdated     '~0.6.1' ],
437 info outdated   [ '/Users/langolf/projects/billiards/billiard-www',
437 info outdated     'gulp-jade',
437 info outdated     '0.4.1',
437 info outdated     '0.4.2',
437 info outdated     '0.4.2',
437 info outdated     '~0.4.2' ],
437 info outdated   [ '/Users/langolf/projects/billiards/billiard-www',
437 info outdated     'gulp-stylus',
437 info outdated     '0.0.12',
437 info outdated     '0.0.13',
437 info outdated     '0.0.13',
437 info outdated     '0.0.13' ],
437 info outdated   [ '/Users/langolf/projects/billiards/billiard-www',
437 info outdated     'gulp-csso',
437 info outdated     '0.2.3',
437 info outdated     '0.2.4',
437 info outdated     '0.2.4',
437 info outdated     '~0.2.4' ],
437 info outdated   [ '/Users/langolf/projects/billiards/billiard-www',
437 info outdated     'gulp-autoprefixer',
437 info outdated     '0.0.4',
437 info outdated     '0.0.6',
437 info outdated     '0.0.6',
437 info outdated     '0.0.6' ],
437 info outdated   [ '/Users/langolf/projects/billiards/billiard-www',
437 info outdated     'grunt-spritesmith',
437 info outdated     '1.21.2',
437 info outdated     '1.22.0',
437 info outdated     '1.22.0',
437 info outdated     '~1.22.0' ] ]
438 error notarget No compatible version found: grunt-grunticon@'~1.0.0.'
438 error notarget Valid install targets:
438 error notarget ["0.1.3","0.1.4","0.1.6","0.2.0","0.2.1","0.3.0","0.3.1","0.3.2","0.3.3","0.3.4","0.4.0","0.4.1","0.5.0","0.5.1","0.5.2","0.6.0","0.6.1","0.6.2","0.6.3","0.6.4","0.6.5","0.6.6","0.6.7","0.6.8","0.6.9","0.6.10","0.6.11","0.6.12","0.6.13","0.6.14","1.0.0-alpha.1","1.0.0-alpha.3","1.0.0-alpha.4","1.0.0-alpha.5","1.0.0-alpha.6","1.0.0-alpha.7","1.0.0-alpha.8","1.0.0-alpha.9","1.0.0-beta.0","1.0.0-beta.1","0.6.15","1.0.0"]
438 error notarget
438 error notarget This is most likely not a problem with npm itself.
438 error notarget In most cases you or one of your dependencies are requesting
438 error notarget a package version that doesn't exist.
439 error System Darwin 13.0.0
440 error command "node" "/usr/local/bin/npm" "update"
441 error cwd /Users/langolf/projects/billiards/billiard-www
442 error node -v v0.10.24
443 error npm -v 1.4.4
444 error code ETARGET
445 verbose exit [ 1, true ]
